#-----------------------------------------------------------
# Vivado v2020.1 (64-bit)
# SW Build 2902540 on Wed May 27 19:54:49 MDT 2020
# IP Build 2902112 on Wed May 27 22:43:36 MDT 2020
# Start of session at: Mon Jun 17 22:04:48 2024
# Process ID: 17384
# Current directory: D:/Downloads/CA Project/Task 3
# Command line: vivado.exe -gui_launcher_event rodinguilauncherevent440 D:\Downloads\CA Project\Task 3\Task 3.xpr
# Log file: D:/Downloads/CA Project/Task 3/vivado.log
# Journal file: D:/Downloads/CA Project/Task 3\vivado.jou
#-----------------------------------------------------------
start_gui
open_project {D:/Downloads/CA Project/Task 3/Task 3.xpr}
Scanning sources...
Finished scanning sources
INFO: [IP_Flow 19-234] Refreshing IP repositories
INFO: [IP_Flow 19-1704] No user IP repositories specified
INFO: [IP_Flow 19-2313] Loaded Vivado IP repository 'C:/Xilinx/Vivado/2020.1/data/ip'.
update_compile_order -fileset sources_1
launch_simulation
Command: launch_simulation 
INFO: [Vivado 12-5682] Launching behavioral simulation in 'D:/Downloads/CA Project/Task 3/Task 3.sim/sim_1/behav/xsim'
INFO: [SIM-utils-51] Simulation object is 'sim_1'
INFO: [SIM-utils-54] Inspecting design source files for 'tb_processor' in fileset 'sim_1'...
INFO: [USF-XSim-97] Finding global include files...
INFO: [USF-XSim-98] Fetching design files from 'sim_1'...
INFO: [USF-XSim-2] XSim::Compile design
INFO: [USF-XSim-61] Executing 'COMPILE and ANALYZE' step in 'D:/Downloads/CA Project/Task 3/Task 3.sim/sim_1/behav/xsim'
"xvlog --incr --relax -prj tb_processor_vlog.prj"
INFO: [USF-XSim-69] 'compile' step finished in '1' seconds
INFO: [USF-XSim-3] XSim::Elaborate design
INFO: [USF-XSim-61] Executing 'ELABORATE' step in 'D:/Downloads/CA Project/Task 3/Task 3.sim/sim_1/behav/xsim'
"xelab -wto e01362efb537492aa6fd44c6169a638c --incr --debug typical --relax --mt 2 -L xil_defaultlib -L unisims_ver -L unimacro_ver -L secureip --snapshot tb_processor_behav xil_defaultlib.tb_processor xil_defaultlib.glbl -log elaborate.log"
Vivado Simulator 2020.1
Copyright 1986-1999, 2001-2020 Xilinx, Inc. All Rights Reserved.
Running: C:/Xilinx/Vivado/2020.1/bin/unwrapped/win64.o/xelab.exe -wto e01362efb537492aa6fd44c6169a638c --incr --debug typical --relax --mt 2 -L xil_defaultlib -L unisims_ver -L unimacro_ver -L secureip --snapshot tb_processor_behav xil_defaultlib.tb_processor xil_defaultlib.glbl -log elaborate.log 
Using 2 slave threads.
Starting static elaboration
Pass Through NonSizing Optimizer
Completed static elaboration
INFO: [XSIM 43-4323] No Change in HDL. Linking previously generated obj files to create kernel
INFO: [USF-XSim-69] 'elaborate' step finished in '1' seconds
INFO: [USF-XSim-4] XSim::Simulate design
INFO: [USF-XSim-61] Executing 'SIMULATE' step in 'D:/Downloads/CA Project/Task 3/Task 3.sim/sim_1/behav/xsim'
INFO: [USF-XSim-98] *** Running xsim
   with args "tb_processor_behav -key {Behavioral:sim_1:Functional:tb_processor} -tclbatch {tb_processor.tcl} -view {{D:/Downloads/CA Project/Task 3/Task 3.srcs/sim_1/imports/Non-pipelined/tb_processor_behav.wcfg}} -log {simulate.log}"
INFO: [USF-XSim-8] Loading simulator feature
Vivado Simulator 2020.1
Time resolution is 1 ps
open_wave_config {D:/Downloads/CA Project/Task 3/Task 3.srcs/sim_1/imports/Non-pipelined/tb_processor_behav.wcfg}
source tb_processor.tcl
# set curr_wave [current_wave_config]
# if { [string length $curr_wave] == 0 } {
#   if { [llength [get_objects]] > 0} {
#     add_wave /
#     set_property needs_save false [current_wave_config]
#   } else {
#      send_msg_id Add_Wave-1 WARNING "No top level signals found. Simulator will start without a wave window. If you want to open a wave window go to 'File->New Waveform Configuration' or type 'create_wave_config' in the TCL console."
#   }
# }
# run 1000ns
$stop called at time : 100 ns : File "D:/Downloads/CA Project/Task 3/Task 3.srcs/sim_1/new/tb_processor.v" Line 18
INFO: [USF-XSim-96] XSim completed. Design snapshot 'tb_processor_behav' loaded.
INFO: [USF-XSim-97] XSim simulation ran for 1000ns
launch_simulation: Time (s): cpu = 00:00:09 ; elapsed = 00:00:08 . Memory (MB): peak = 1028.793 ; gain = 0.000
run 10000 ns
run 10000 ns
close_sim
INFO: [Simtcl 6-16] Simulation closed
exit
INFO: [Common 17-206] Exiting Vivado at Mon Jun 17 22:06:38 2024...
