Vivado Simulator 2020.1
Copyright 1986-1999, 2001-2020 Xilinx, Inc. All Rights Reserved.
Running: C:/Xilinx/Vivado/2020.1/bin/unwrapped/win64.o/xelab.exe -wto 9a15cd6d9a0849e38e1381536a0efad7 --incr --debug typical --relax --mt 2 -L xil_defaultlib -L unisims_ver -L unimacro_ver -L secureip --snapshot tb_processor_behav xil_defaultlib.tb_processor xil_defaultlib.glbl -log elaborate.log 
Using 2 slave threads.
Starting static elaboration
Pass Through NonSizing Optimizer
WARNING: [VRFC 10-3705] select index 64 into 'mem' is out of bounds [C:/Users/Raahim/Documents/GitHub/Pipelined-RISC-V-Processor/Non-pipelined/Non-pipelined.srcs/sources_1/new/Data_Memory.v:77]
WARNING: [VRFC 10-3705] select index 65 into 'mem' is out of bounds [C:/Users/Raahim/Documents/GitHub/Pipelined-RISC-V-Processor/Non-pipelined/Non-pipelined.srcs/sources_1/new/Data_Memory.v:78]
WARNING: [VRFC 10-3705] select index 66 into 'mem' is out of bounds [C:/Users/Raahim/Documents/GitHub/Pipelined-RISC-V-Processor/Non-pipelined/Non-pipelined.srcs/sources_1/new/Data_Memory.v:79]
WARNING: [VRFC 10-3705] select index 67 into 'mem' is out of bounds [C:/Users/Raahim/Documents/GitHub/Pipelined-RISC-V-Processor/Non-pipelined/Non-pipelined.srcs/sources_1/new/Data_Memory.v:80]
WARNING: [VRFC 10-3705] select index 68 into 'mem' is out of bounds [C:/Users/Raahim/Documents/GitHub/Pipelined-RISC-V-Processor/Non-pipelined/Non-pipelined.srcs/sources_1/new/Data_Memory.v:81]
WARNING: [VRFC 10-3705] select index 69 into 'mem' is out of bounds [C:/Users/Raahim/Documents/GitHub/Pipelined-RISC-V-Processor/Non-pipelined/Non-pipelined.srcs/sources_1/new/Data_Memory.v:82]
WARNING: [VRFC 10-3705] select index 70 into 'mem' is out of bounds [C:/Users/Raahim/Documents/GitHub/Pipelined-RISC-V-Processor/Non-pipelined/Non-pipelined.srcs/sources_1/new/Data_Memory.v:83]
WARNING: [VRFC 10-3705] select index 71 into 'mem' is out of bounds [C:/Users/Raahim/Documents/GitHub/Pipelined-RISC-V-Processor/Non-pipelined/Non-pipelined.srcs/sources_1/new/Data_Memory.v:84]
WARNING: [VRFC 10-3705] select index 72 into 'mem' is out of bounds [C:/Users/Raahim/Documents/GitHub/Pipelined-RISC-V-Processor/Non-pipelined/Non-pipelined.srcs/sources_1/new/Data_Memory.v:85]
WARNING: [VRFC 10-3705] select index 73 into 'mem' is out of bounds [C:/Users/Raahim/Documents/GitHub/Pipelined-RISC-V-Processor/Non-pipelined/Non-pipelined.srcs/sources_1/new/Data_Memory.v:86]
WARNING: [VRFC 10-3705] select index 74 into 'mem' is out of bounds [C:/Users/Raahim/Documents/GitHub/Pipelined-RISC-V-Processor/Non-pipelined/Non-pipelined.srcs/sources_1/new/Data_Memory.v:87]
WARNING: [VRFC 10-3705] select index 75 into 'mem' is out of bounds [C:/Users/Raahim/Documents/GitHub/Pipelined-RISC-V-Processor/Non-pipelined/Non-pipelined.srcs/sources_1/new/Data_Memory.v:88]
WARNING: [VRFC 10-3705] select index 76 into 'mem' is out of bounds [C:/Users/Raahim/Documents/GitHub/Pipelined-RISC-V-Processor/Non-pipelined/Non-pipelined.srcs/sources_1/new/Data_Memory.v:89]
WARNING: [VRFC 10-3705] select index 77 into 'mem' is out of bounds [C:/Users/Raahim/Documents/GitHub/Pipelined-RISC-V-Processor/Non-pipelined/Non-pipelined.srcs/sources_1/new/Data_Memory.v:90]
WARNING: [VRFC 10-3705] select index 78 into 'mem' is out of bounds [C:/Users/Raahim/Documents/GitHub/Pipelined-RISC-V-Processor/Non-pipelined/Non-pipelined.srcs/sources_1/new/Data_Memory.v:91]
WARNING: [VRFC 10-3705] select index 79 into 'mem' is out of bounds [C:/Users/Raahim/Documents/GitHub/Pipelined-RISC-V-Processor/Non-pipelined/Non-pipelined.srcs/sources_1/new/Data_Memory.v:92]
WARNING: [VRFC 10-3705] select index 80 into 'mem' is out of bounds [C:/Users/Raahim/Documents/GitHub/Pipelined-RISC-V-Processor/Non-pipelined/Non-pipelined.srcs/sources_1/new/Data_Memory.v:93]
WARNING: [VRFC 10-3705] select index 81 into 'mem' is out of bounds [C:/Users/Raahim/Documents/GitHub/Pipelined-RISC-V-Processor/Non-pipelined/Non-pipelined.srcs/sources_1/new/Data_Memory.v:94]
WARNING: [VRFC 10-3705] select index 82 into 'mem' is out of bounds [C:/Users/Raahim/Documents/GitHub/Pipelined-RISC-V-Processor/Non-pipelined/Non-pipelined.srcs/sources_1/new/Data_Memory.v:95]
WARNING: [VRFC 10-3705] select index 83 into 'mem' is out of bounds [C:/Users/Raahim/Documents/GitHub/Pipelined-RISC-V-Processor/Non-pipelined/Non-pipelined.srcs/sources_1/new/Data_Memory.v:96]
WARNING: [VRFC 10-3705] select index 84 into 'mem' is out of bounds [C:/Users/Raahim/Documents/GitHub/Pipelined-RISC-V-Processor/Non-pipelined/Non-pipelined.srcs/sources_1/new/Data_Memory.v:97]
WARNING: [VRFC 10-3705] select index 85 into 'mem' is out of bounds [C:/Users/Raahim/Documents/GitHub/Pipelined-RISC-V-Processor/Non-pipelined/Non-pipelined.srcs/sources_1/new/Data_Memory.v:98]
WARNING: [VRFC 10-3705] select index 86 into 'mem' is out of bounds [C:/Users/Raahim/Documents/GitHub/Pipelined-RISC-V-Processor/Non-pipelined/Non-pipelined.srcs/sources_1/new/Data_Memory.v:99]
WARNING: [VRFC 10-3705] select index 87 into 'mem' is out of bounds [C:/Users/Raahim/Documents/GitHub/Pipelined-RISC-V-Processor/Non-pipelined/Non-pipelined.srcs/sources_1/new/Data_Memory.v:100]
WARNING: [VRFC 10-3705] select index 88 into 'mem' is out of bounds [C:/Users/Raahim/Documents/GitHub/Pipelined-RISC-V-Processor/Non-pipelined/Non-pipelined.srcs/sources_1/new/Data_Memory.v:101]
WARNING: [VRFC 10-3705] select index 89 into 'mem' is out of bounds [C:/Users/Raahim/Documents/GitHub/Pipelined-RISC-V-Processor/Non-pipelined/Non-pipelined.srcs/sources_1/new/Data_Memory.v:102]
WARNING: [VRFC 10-3705] select index 90 into 'mem' is out of bounds [C:/Users/Raahim/Documents/GitHub/Pipelined-RISC-V-Processor/Non-pipelined/Non-pipelined.srcs/sources_1/new/Data_Memory.v:103]
WARNING: [VRFC 10-3705] select index 91 into 'mem' is out of bounds [C:/Users/Raahim/Documents/GitHub/Pipelined-RISC-V-Processor/Non-pipelined/Non-pipelined.srcs/sources_1/new/Data_Memory.v:104]
WARNING: [VRFC 10-3705] select index 92 into 'mem' is out of bounds [C:/Users/Raahim/Documents/GitHub/Pipelined-RISC-V-Processor/Non-pipelined/Non-pipelined.srcs/sources_1/new/Data_Memory.v:105]
WARNING: [VRFC 10-3705] select index 93 into 'mem' is out of bounds [C:/Users/Raahim/Documents/GitHub/Pipelined-RISC-V-Processor/Non-pipelined/Non-pipelined.srcs/sources_1/new/Data_Memory.v:106]
WARNING: [VRFC 10-3705] select index 94 into 'mem' is out of bounds [C:/Users/Raahim/Documents/GitHub/Pipelined-RISC-V-Processor/Non-pipelined/Non-pipelined.srcs/sources_1/new/Data_Memory.v:107]
WARNING: [VRFC 10-3705] select index 95 into 'mem' is out of bounds [C:/Users/Raahim/Documents/GitHub/Pipelined-RISC-V-Processor/Non-pipelined/Non-pipelined.srcs/sources_1/new/Data_Memory.v:108]
WARNING: [VRFC 10-3705] select index 96 into 'mem' is out of bounds [C:/Users/Raahim/Documents/GitHub/Pipelined-RISC-V-Processor/Non-pipelined/Non-pipelined.srcs/sources_1/new/Data_Memory.v:109]
WARNING: [VRFC 10-3705] select index 97 into 'mem' is out of bounds [C:/Users/Raahim/Documents/GitHub/Pipelined-RISC-V-Processor/Non-pipelined/Non-pipelined.srcs/sources_1/new/Data_Memory.v:110]
WARNING: [VRFC 10-3705] select index 98 into 'mem' is out of bounds [C:/Users/Raahim/Documents/GitHub/Pipelined-RISC-V-Processor/Non-pipelined/Non-pipelined.srcs/sources_1/new/Data_Memory.v:111]
WARNING: [VRFC 10-3705] select index 99 into 'mem' is out of bounds [C:/Users/Raahim/Documents/GitHub/Pipelined-RISC-V-Processor/Non-pipelined/Non-pipelined.srcs/sources_1/new/Data_Memory.v:112]
Completed static elaboration
Starting simulation data flow analysis
Completed simulation data flow analysis
Time Resolution for simulation is 1ps
Compiling module xil_defaultlib.Program_Counter
Compiling module xil_defaultlib.Instruction_Memory
Compiling module xil_defaultlib.Instruction_Parser
Compiling module xil_defaultlib.Immediate_Generator
Compiling module xil_defaultlib.Control_Unit
Compiling module xil_defaultlib.ALU_Control
Compiling module xil_defaultlib.RegisterFile
Compiling module xil_defaultlib.Multiplexer_21
Compiling module xil_defaultlib.ALU_64_bit
Compiling module xil_defaultlib.Data_Memory
Compiling module xil_defaultlib.Adder
Compiling module xil_defaultlib.RISC_V_Processor
Compiling module xil_defaultlib.tb_processor
Compiling module xil_defaultlib.glbl
Built simulation snapshot tb_processor_behav
